[18:42:35] [main/INFO]: username: woellie123
[18:42:35] [main/INFO]: Extra: []
[18:42:35] [main/INFO]: Running with arguments: [--userProperties, {}, --username, woellie123, --tweakClass, cpw.mods.fml.common.launcher.FMLTweaker, --accessToken, {REDACTED}, --assetIndex, 1.7.10, --assetsDir, C:/Users/Gebruiker/.gradle/caches/minecraft/assets, --version, 1.7.10]
[18:42:36] [main/INFO]: Loading tweak class name cpw.mods.fml.common.launcher.FMLTweaker
[18:42:36] [main/INFO]: Using primary tweak class name cpw.mods.fml.common.launcher.FMLTweaker
[18:42:36] [main/INFO]: Calling tweak class cpw.mods.fml.common.launcher.FMLTweaker
[18:42:36] [main/INFO]: Forge Mod Loader version 7.10.18.1180 for Minecraft 1.7.10 loading
[18:42:36] [main/INFO]: Java is Java HotSpot(TM) 64-Bit Server VM, version 1.7.0_45, running on Windows 8:amd64:6.2, installed at C:\Program Files\Java\jdk1.7.0_45\jre
[18:42:36] [main/INFO]: Managed to load a deobfuscated Minecraft name- we are in a deobfuscated environment. Skipping runtime deobfuscation
[18:42:37] [main/WARN]: The coremod codechicken.core.launch.CodeChickenCorePlugin does not have a MCVersion annotation, it may cause issues with this version of Minecraft
[18:42:37] [main/WARN]: The coremod codechicken.nei.asm.NEICorePlugin does not have a MCVersion annotation, it may cause issues with this version of Minecraft
[18:42:37] [main/INFO]: Loading tweak class name cpw.mods.fml.common.launcher.FMLInjectionAndSortingTweaker
[18:42:37] [main/INFO]: Loading tweak class name cpw.mods.fml.common.launcher.FMLDeobfTweaker
[18:42:37] [main/INFO]: Calling tweak class cpw.mods.fml.common.launcher.FMLInjectionAndSortingTweaker
[18:42:37] [main/INFO]: Calling tweak class cpw.mods.fml.common.launcher.FMLInjectionAndSortingTweaker
[18:42:37] [main/INFO]: Calling tweak class cpw.mods.fml.relauncher.CoreModManager$FMLPluginWrapper
[18:42:37] [main/ERROR]: The binary patch set is missing. Either you are in a development environment, or things are not going to work!
[18:42:38] [main/ERROR]: The minecraft jar file:/C:/Users/Gebruiker/.gradle/caches/minecraft/net/minecraftforge/forge/1.7.10-10.13.0.1180/forgeSrc-1.7.10-10.13.0.1180.jar!/net/minecraft/client/ClientBrandRetriever.class appears to be corrupt! There has been CRITICAL TAMPERING WITH MINECRAFT, it is highly unlikely minecraft will work! STOP NOW, get a clean copy and try again!
[18:42:38] [main/ERROR]: FML has been ordered to ignore the invalid or missing minecraft certificate. This is very likely to cause a problem!
[18:42:38] [main/ERROR]: Technical information: ClientBrandRetriever was at jar:file:/C:/Users/Gebruiker/.gradle/caches/minecraft/net/minecraftforge/forge/1.7.10-10.13.0.1180/forgeSrc-1.7.10-10.13.0.1180.jar!/net/minecraft/client/ClientBrandRetriever.class, there were 0 certificates for it
[18:42:38] [main/ERROR]: FML appears to be missing any signature data. This is not a good thing
[18:42:38] [main/INFO]: Calling tweak class cpw.mods.fml.relauncher.CoreModManager$FMLPluginWrapper
[18:42:38] [main/INFO]: Calling tweak class cpw.mods.fml.relauncher.CoreModManager$FMLPluginWrapper
[18:42:39] [main/INFO]: Calling tweak class cpw.mods.fml.relauncher.CoreModManager$FMLPluginWrapper
[18:42:39] [main/INFO]: Calling tweak class cpw.mods.fml.relauncher.CoreModManager$FMLPluginWrapper
[18:42:39] [main/INFO]: Calling tweak class cpw.mods.fml.common.launcher.FMLDeobfTweaker
[18:42:39] [main/INFO]: Launching wrapped minecraft {net.minecraft.client.main.Main}
[18:42:41] [main/INFO]: Setting user: woellie123
[18:42:43] [Client thread/INFO]: LWJGL Version: 2.9.1
[18:42:45] [Client thread/INFO]: Attempting early MinecraftForge initialization
[18:42:45] [Client thread/INFO]: MinecraftForge v10.13.0.1180 Initialized
[18:42:45] [Client thread/INFO]: Replaced 182 ore recipies
[18:42:45] [Client thread/INFO]: Completed early MinecraftForge initialization
[18:42:45] [Client thread/INFO]: Searching E:\Dropbox\Modding\ExtraFood\eclipse\mods for mods
[18:42:45] [Client thread/INFO]: Also searching E:\Dropbox\Modding\ExtraFood\eclipse\mods\1.7.10 for mods
[18:42:48] [Client thread/WARN]: Zip file rt.jar failed to read properly, it will be ignored
java.lang.NullPointerException
	at cpw.mods.fml.common.discovery.asm.ASMModParser.isBaseMod(ASMModParser.java:130) ~[ASMModParser.class:?]
	at cpw.mods.fml.common.ModContainerFactory.build(ModContainerFactory.java:34) ~[ModContainerFactory.class:?]
	at cpw.mods.fml.common.discovery.JarDiscoverer.discover(JarDiscoverer.java:83) [JarDiscoverer.class:?]
	at cpw.mods.fml.common.discovery.ContainerType.findMods(ContainerType.java:42) [ContainerType.class:?]
	at cpw.mods.fml.common.discovery.ModCandidate.explore(ModCandidate.java:71) [ModCandidate.class:?]
	at cpw.mods.fml.common.discovery.ModDiscoverer.identifyMods(ModDiscoverer.java:123) [ModDiscoverer.class:?]
	at cpw.mods.fml.common.Loader.identifyMods(Loader.java:347) [Loader.class:?]
	at cpw.mods.fml.common.Loader.loadMods(Loader.java:468) [Loader.class:?]
	at cpw.mods.fml.client.FMLClientHandler.beginMinecraftLoading(FMLClientHandler.java:204) [FMLClientHandler.class:?]
	at net.minecraft.client.Minecraft.startGame(Minecraft.java:532) [Minecraft.class:?]
	at net.minecraft.client.Minecraft.run(Minecraft.java:941) [Minecraft.class:?]
	at net.minecraft.client.main.Main.main(Main.java:164) [Main.class:?]
	at sun.reflect.NativeMethodAccessorImpl.invoke0(Native Method) ~[?:1.7.0_45]
	at sun.reflect.NativeMethodAccessorImpl.invoke(NativeMethodAccessorImpl.java:57) ~[?:1.7.0_45]
	at sun.reflect.DelegatingMethodAccessorImpl.invoke(DelegatingMethodAccessorImpl.java:43) ~[?:1.7.0_45]
	at java.lang.reflect.Method.invoke(Method.java:606) ~[?:1.7.0_45]
	at net.minecraft.launchwrapper.Launch.launch(Launch.java:134) [launchwrapper-1.9.jar:?]
	at net.minecraft.launchwrapper.Launch.main(Launch.java:28) [launchwrapper-1.9.jar:?]
	at sun.reflect.NativeMethodAccessorImpl.invoke0(Native Method) ~[?:1.7.0_45]
	at sun.reflect.NativeMethodAccessorImpl.invoke(NativeMethodAccessorImpl.java:57) ~[?:1.7.0_45]
	at sun.reflect.DelegatingMethodAccessorImpl.invoke(DelegatingMethodAccessorImpl.java:43) ~[?:1.7.0_45]
	at java.lang.reflect.Method.invoke(Method.java:606) ~[?:1.7.0_45]
	at GradleStart.bounce(GradleStart.java:108) [start/:?]
	at GradleStart.startClient(GradleStart.java:101) [start/:?]
	at GradleStart.main(GradleStart.java:66) [start/:?]
	at sun.reflect.NativeMethodAccessorImpl.invoke0(Native Method) ~[?:1.7.0_45]
	at sun.reflect.NativeMethodAccessorImpl.invoke(NativeMethodAccessorImpl.java:57) ~[?:1.7.0_45]
	at sun.reflect.DelegatingMethodAccessorImpl.invoke(DelegatingMethodAccessorImpl.java:43) ~[?:1.7.0_45]
	at java.lang.reflect.Method.invoke(Method.java:606) ~[?:1.7.0_45]
	at com.intellij.rt.execution.application.AppMain.main(AppMain.java:134) [idea_rt.jar:?]
[18:42:49] [Client thread/ERROR]: FML has detected a mod that is using a package name based on 'net.minecraft.src' : net.minecraft.src.FMLRenderAccessLibrary. This is generally a severe programming error.  There should be no mod code in the minecraft namespace. MOVE YOUR MOD! If you're in eclipse, select your source code and 'refactor' it into a new package. Go on. DO IT NOW!
[18:42:49] [Client thread/INFO]: Forge Mod Loader has identified 6 mods to load
[18:42:49] [Client thread/INFO]: FML has found a non-mod file CodeChickenLib-1.7.10-1.1.1.93-dev.jar in your mods directory. It will now be injected into your classpath. This could severe stability issues, it should be removed if possible.
[18:42:50] [Client thread/INFO]: Reloading ResourceManager: Default, FMLFileResourcePack:Forge Mod Loader, FMLFileResourcePack:Minecraft Forge, FMLFileResourcePack:Not Enough Items, FMLFileResourcePack:Extra Food
[18:42:50] [Client thread/INFO]: Processing ObjectHolder annotations
[18:42:50] [Client thread/INFO]: Found 341 ObjectHolder annotations
[18:42:50] [Client thread/INFO]: Configured a dormant chunk cache size of 0
[18:42:50] [Client thread/INFO]: Applying holder lookups
[18:42:50] [Client thread/INFO]: Holder lookups applied
[18:42:51] [Sound Library Loader/INFO]: Sound engine started
[18:42:53] [Client thread/INFO]: Created: 1024x512 textures/blocks-atlas
[18:42:53] [Client thread/INFO]: Created: 256x256 textures/items-atlas
[18:42:53] [CodeChicken Update Checker/ERROR]: Failed to check notifications: 
[18:42:53] [Client thread/INFO]: Forge Mod Loader has successfully loaded 6 mods
[18:42:53] [Client thread/INFO]: Reloading ResourceManager: Default, FMLFileResourcePack:Forge Mod Loader, FMLFileResourcePack:Minecraft Forge, FMLFileResourcePack:Not Enough Items, FMLFileResourcePack:Extra Food
[18:42:53] [Client thread/INFO]: Created: 256x256 textures/items-atlas
[18:42:54] [Client thread/INFO]: Created: 1024x512 textures/blocks-atlas
[18:42:55] [Sound Library Loader/INFO]: Sound engine started
[18:43:01] [Client thread/INFO]: Stopping!
